2021-05-30 17:15:47.888  INFO 12772 --- [main] lavalink.server.Launcher                 : 

[32m       .  [31m _                  _ _       _    [32m__ _ _
[32m      /\\ [31m| | __ ___   ____ _| (_)_ __ | | __[32m\ \ \ \
[32m     ( ( )[31m| |/ _` \ \ / / _` | | | '_ \| |/ /[32m \ \ \ \
[32m      \\/ [31m| | (_| |\ V / (_| | | | | | |   < [32m  ) ) ) )
[32m       '  [31m|_|\__,_| \_/ \__,_|_|_|_| |_|_|\_\[32m / / / /
[0m    =========================================[32m/_/_/_/[0m

	Version:        3.3.2.5
	Build:          1222
	Build time:     11.04.2021 08:07:27 UTC
	Branch          master
	Commit:         7b914f2
	Commit time:    09.04.2021 17:14:27 UTC
	JVM:            16.0.1
	Lavaplayer      1.3.76

2021-05-30 17:15:48.010  INFO 12772 --- [main] lavalink.server.Launcher                 : Starting Launcher on Oscie-81 with PID 12772 (E:\Documents\Oscie-Bot-3\Lavalink.jar started by hudso_000 in E:\Documents\Oscie-Bot-3)
2021-05-30 17:15:48.012  INFO 12772 --- [main] lavalink.server.Launcher                 : No active profile set, falling back to default profiles: default
2021-05-30 17:15:48.140  WARN 12772 --- [background-preinit] o.s.h.c.j.Jackson2ObjectMapperBuilder    : For Jackson Kotlin classes support please add "com.fasterxml.jackson.module:jackson-module-kotlin" to the classpath
2021-05-30 17:15:50.574  WARN 12772 --- [main] io.undertow.websockets.jsr               : UT026010: Buffer pool was not set on WebSocketDeploymentInfo, the default pool will be used
2021-05-30 17:15:50.624  INFO 12772 --- [main] io.undertow.servlet                      : Initializing Spring embedded WebApplicationContext
2021-05-30 17:15:50.626  INFO 12772 --- [main] o.s.web.context.ContextLoader            : Root WebApplicationContext: initialization completed in 2542 ms
2021-05-30 17:15:51.309  WARN 12772 --- [main] l.server.config.SentryConfiguration      : Turning off sentry
2021-05-30 17:15:51.861  INFO 12772 --- [main] c.s.d.l.tools.GarbageCollectionMonitor   : GC monitoring enabled, reporting results every 2 minutes.
2021-05-30 17:15:52.389  INFO 12772 --- [main] lavalink.server.config.KoeConfiguration  : OS: Windows 10, Arch: amd64
2021-05-30 17:15:52.391  WARN 12772 --- [main] lavalink.server.config.KoeConfiguration  : This system and architecture appears to not support native audio sending! GC pauses may cause your bot to stutter during playback.
2021-05-30 17:15:52.908  INFO 12772 --- [main] o.s.s.concurrent.ThreadPoolTaskExecutor  : Initializing ExecutorService 'applicationTaskExecutor'
2021-05-30 17:15:53.414  INFO 12772 --- [main] org.xnio                                 : XNIO version 3.3.8.Final
2021-05-30 17:15:53.452  INFO 12772 --- [main] org.xnio.nio                             : XNIO NIO Implementation Version 3.3.8.Final
2021-05-30 17:15:53.596  INFO 12772 --- [main] o.s.b.w.e.u.UndertowServletWebServer     : Undertow started on port(s) 2333 (http) with context path ''
2021-05-30 17:15:53.610  INFO 12772 --- [main] lavalink.server.Launcher                 : Started Launcher in 6.38 seconds (JVM running for 7.152)
2021-05-30 17:15:53.614  INFO 12772 --- [main] lavalink.server.Launcher                 : You can safely ignore the big red warning about illegal reflection. See https://github.com/Frederikam/Lavalink/issues/295
